15:35:40 **** Incremental Build of configuration Debug for project Test ****
make all 
Building file: ../src/Test.cpp
Invoking: GCC C++ Compiler
g++ -I/usr/local/share/boost/include/ -O0 -g3 -Wall -c -fmessage-length=0 -MMD -MP -MF"src/Test.d" -MT"src/Test.o" -o "src/Test.o" "../src/Test.cpp"
../src/Test.cpp:10:24: fatal error: fak-test.cpp: No such file or directory
 #include "fak-test.cpp"
                        ^
compilation terminated.
src/subdir.mk:18: recipe for target 'src/Test.o' failed
make: *** [src/Test.o] Error 1

15:35:40 Build Finished (took 725ms)

